{"/Users/jackcarlisle/Documents/FAC/koala-complete/server.js":{"path":"/Users/jackcarlisle/Documents/FAC/koala-complete/server.js","s":{"1":1,"2":1,"3":1,"4":1,"5":1,"6":1,"7":1,"8":1,"9":1,"10":1,"11":1,"12":0,"13":1,"14":0,"15":0,"16":1,"17":1},"b":{"1":[1,1],"2":[1,0]},"f":{"1":1,"2":1,"3":0},"fnMap":{"1":{"name":"(anonymous_1)","line":1,"loc":{"start":{"line":1,"column":14},"end":{"line":1,"column":25}}},"2":{"name":"handler","line":9,"loc":{"start":{"line":9,"column":2},"end":{"line":9,"column":36}}},"3":{"name":"startServer","line":20,"loc":{"start":{"line":20,"column":2},"end":{"line":20,"column":25}}}},"statementMap":{"1":{"start":{"line":1,"column":0},"end":{"line":29,"column":5}},"2":{"start":{"line":2,"column":2},"end":{"line":2,"column":29}},"3":{"start":{"line":3,"column":2},"end":{"line":3,"column":37}},"4":{"start":{"line":5,"column":2},"end":{"line":5,"column":25}},"5":{"start":{"line":6,"column":2},"end":{"line":6,"column":69}},"6":{"start":{"line":9,"column":2},"end":{"line":18,"column":3}},"7":{"start":{"line":10,"column":4},"end":{"line":10,"column":26}},"8":{"start":{"line":11,"column":4},"end":{"line":11,"column":37}},"9":{"start":{"line":12,"column":4},"end":{"line":17,"column":5}},"10":{"start":{"line":13,"column":6},"end":{"line":13,"column":60}},"11":{"start":{"line":14,"column":6},"end":{"line":14,"column":37}},"12":{"start":{"line":16,"column":8},"end":{"line":16,"column":43}},"13":{"start":{"line":20,"column":2},"end":{"line":24,"column":3}},"14":{"start":{"line":21,"column":4},"end":{"line":21,"column":44}},"15":{"start":{"line":23,"column":4},"end":{"line":23,"column":74}},"16":{"start":{"line":25,"column":2},"end":{"line":28,"column":4}},"17":{"start":{"line":31,"column":0},"end":{"line":31,"column":24}}},"branchMap":{"1":{"line":3,"type":"binary-expr","locations":[{"start":{"line":3,"column":12},"end":{"line":3,"column":28}},{"start":{"line":3,"column":32},"end":{"line":3,"column":36}}]},"2":{"line":12,"type":"if","locations":[{"start":{"line":12,"column":4},"end":{"line":12,"column":4}},{"start":{"line":12,"column":4},"end":{"line":12,"column":4}}]}}}}